<?xml version="1.0" encoding="UTF-8"?>
<!-- Generated by org.testng.reporters.JUnitReportReporter -->
<testsuite hostname="LAPTOP-NE2IDBQV" failures="0" tests="4" name="com.petstore.pet.EndToEndSmokeTest" time="9.006" errors="0" timestamp="2020-05-13T12:54:10 IST" skipped="0">
  <testcase classname="com.petstore.pet.EndToEndSmokeTest" name="createPetTest" time="5.301"/>
  <system-out/>
  <testcase classname="com.petstore.pet.EndToEndSmokeTest" name="GetPetDetailsTest" time="1.757"/>
  <system-out/>
  <testcase classname="com.petstore.pet.EndToEndSmokeTest" name="updatePetDetailsTest" time="0.962"/>
  <system-out/>
  <testcase classname="com.petstore.pet.EndToEndSmokeTest" name="deletePetDetailsTest" time="0.986"/>
  <system-out/>
</testsuite> <!-- com.petstore.pet.EndToEndSmokeTest -->
